09-Jun-2026 15:40:43.012 INFO [main] org.apache.catalina.startup.VersionLoggerListener.log Server version name:   Apache Tomcat/10.1.54
09-Jun-2026 15:40:43.026 INFO [main] org.apache.catalina.startup.VersionLoggerListener.log Server built:          Mar 30 2026 22:31:53 UTC
09-Jun-2026 15:40:43.028 INFO [main] org.apache.catalina.startup.VersionLoggerListener.log Server version number: 10.1.54.0
09-Jun-2026 15:40:43.028 INFO [main] org.apache.catalina.startup.VersionLoggerListener.log OS Name:               Windows 11
09-Jun-2026 15:40:43.029 INFO [main] org.apache.catalina.startup.VersionLoggerListener.log OS Version:            10.0
09-Jun-2026 15:40:43.029 INFO [main] org.apache.catalina.startup.VersionLoggerListener.log Architecture:          amd64
09-Jun-2026 15:40:43.030 INFO [main] org.apache.catalina.startup.VersionLoggerListener.log Java Home:             C:\Program Files\Java\jdk-17
09-Jun-2026 15:40:43.031 INFO [main] org.apache.catalina.startup.VersionLoggerListener.log JVM Version:           17.0.12+8-LTS-286
09-Jun-2026 15:40:43.031 INFO [main] org.apache.catalina.startup.VersionLoggerListener.log JVM Vendor:            Oracle Corporation
09-Jun-2026 15:40:43.032 INFO [main] org.apache.catalina.startup.VersionLoggerListener.log CATALINA_BASE:         D:\IntelliJ IDEA\IdeaProjects\DATN_POB (1)
09-Jun-2026 15:40:43.032 INFO [main] org.apache.catalina.startup.VersionLoggerListener.log CATALINA_HOME:         D:\IntelliJ IDEA\apache-tomcat-10.1.54-windows-x64\apache-tomcat-10.1.54
09-Jun-2026 15:40:43.078 INFO [main] org.apache.catalina.startup.VersionLoggerListener.log Command line argument: --add-opens=java.base/java.lang=ALL-UNNAMED
09-Jun-2026 15:40:43.078 INFO [main] org.apache.catalina.startup.VersionLoggerListener.log Command line argument: --add-opens=java.base/java.io=ALL-UNNAMED
09-Jun-2026 15:40:43.078 INFO [main] org.apache.catalina.startup.VersionLoggerListener.log Command line argument: --add-opens=java.base/java.util=ALL-UNNAMED
09-Jun-2026 15:40:43.079 INFO [main] org.apache.catalina.startup.VersionLoggerListener.log Command line argument: --add-opens=java.base/java.util.concurrent=ALL-UNNAMED
09-Jun-2026 15:40:43.079 INFO [main] org.apache.catalina.startup.VersionLoggerListener.log Command line argument: --add-opens=java.rmi/sun.rmi.transport=ALL-UNNAMED
09-Jun-2026 15:40:43.079 INFO [main] org.apache.catalina.startup.VersionLoggerListener.log Command line argument: -Dcatalina.home=D:\IntelliJ IDEA\apache-tomcat-10.1.54-windows-x64\apache-tomcat-10.1.54
09-Jun-2026 15:40:43.080 INFO [main] org.apache.catalina.startup.VersionLoggerListener.log Command line argument: -Dcatalina.base=D:\IntelliJ IDEA\IdeaProjects\DATN_POB (1)
09-Jun-2026 15:40:43.080 INFO [main] org.apache.catalina.startup.VersionLoggerListener.log Command line argument: -Djava.io.tmpdir=D:\IntelliJ IDEA\IdeaProjects\DATN_POB (1)\temp
09-Jun-2026 15:40:43.080 INFO [main] org.apache.catalina.startup.VersionLoggerListener.log Command line argument: -Djava.util.logging.config.file=D:\IntelliJ IDEA\IdeaProjects\DATN_POB (1)\conf\logging.properties
09-Jun-2026 15:40:43.080 INFO [main] org.apache.catalina.startup.VersionLoggerListener.log Command line argument: -Djava.util.logging.manager=org.apache.juli.ClassLoaderLogManager
09-Jun-2026 15:40:43.081 INFO [main] org.apache.catalina.startup.VersionLoggerListener.log Command line argument: -javaagent:D:\IntelliJ IDEA\IntelliJ IDEA 2026.1.2\lib\idea_rt.jar=51773
09-Jun-2026 15:40:43.081 INFO [main] org.apache.catalina.startup.VersionLoggerListener.log Command line argument: -Dfile.encoding=UTF-8
09-Jun-2026 15:40:43.689 INFO [main] org.apache.catalina.core.AprLifecycleListener.lifecycleEvent Loaded Apache Tomcat Native library [2.0.14] using APR version [1.7.6].
09-Jun-2026 15:40:43.759 INFO [main] org.apache.catalina.core.AprLifecycleListener.initializeSSL OpenSSL successfully initialized [OpenSSL 3.5.5 27 Jan 2026]
09-Jun-2026 15:40:45.320 INFO [main] org.apache.coyote.AbstractProtocol.init Initializing ProtocolHandler ["http-nio-8080"]
09-Jun-2026 15:40:45.418 INFO [main] org.apache.catalina.startup.Catalina.load Server initialization in [3409] milliseconds
09-Jun-2026 15:40:45.697 INFO [main] org.apache.catalina.core.StandardService.startInternal Starting service [Catalina]
09-Jun-2026 15:40:45.697 INFO [main] org.apache.catalina.core.StandardEngine.startInternal Starting Servlet engine: [Apache Tomcat/10.1.54]
09-Jun-2026 15:40:45.737 INFO [main] org.apache.catalina.startup.HostConfig.deployDescriptor Deploying deployment descriptor [D:\IntelliJ IDEA\IdeaProjects\DATN_POB (1)\conf\Catalina\localhost\ROOT.xml]
09-Jun-2026 15:40:52.120 INFO [main] org.apache.jasper.servlet.TldScanner.scanJars At least one JAR was scanned for TLDs yet contained no TLDs. Enable debug logging for this logger for a complete list of JARs that were scanned but no TLDs were found in them. Skipping unneeded JARs during scanning can improve startup time and JSP compilation time.
09-Jun-2026 15:40:52.504 INFO [main] org.apache.catalina.startup.HostConfig.deployDescriptor Deployment of deployment descriptor [D:\IntelliJ IDEA\IdeaProjects\DATN_POB (1)\conf\Catalina\localhost\ROOT.xml] has finished in [6,766] ms
09-Jun-2026 15:40:52.514 INFO [main] org.apache.coyote.AbstractProtocol.start Starting ProtocolHandler ["http-nio-8080"]
09-Jun-2026 15:40:52.640 INFO [main] org.apache.catalina.startup.Catalina.start Server startup in [7220] milliseconds
